<?xml version="1.0" encoding="UTF-8"?>
<!-- Generated by org.testng.reporters.JUnitReportReporter -->
<testsuite hostname="01hw530732" name="demoproject.automation.demoapp.test.ALMOutbound_IssueLoader" tests="1" failures="0" timestamp="30 Jun 2016 14:48:55 GMT" time="195.168" errors="0">
  <testcase name="almAddIssue" time="195.168" classname="demoproject.automation.demoapp.test.ALMOutbound_IssueLoader"/>
</testsuite> <!-- demoproject.automation.demoapp.test.ALMOutbound_IssueLoader -->
