<?xml version="1.0" encoding="UTF-8"?>
<!-- Generated by org.testng.reporters.JUnitReportReporter -->
<testsuite hostname="01hw530732" name="demoproject.automation.demoapp.test.ALMOutbound_PPV" tests="1" failures="0" timestamp="7 Jun 2016 10:58:54 GMT" time="457.880" errors="0">
  <testcase name="almPPV" time="457.880" classname="demoproject.automation.demoapp.test.ALMOutbound_PPV"/>
</testsuite> <!-- demoproject.automation.demoapp.test.ALMOutbound_PPV -->
