<?xml version="1.0" encoding="UTF-8"?>
<!-- Generated by org.testng.reporters.JUnitReportReporter -->
<testsuite skipped="0" hostname="ZAUSVDIAPSINHA" name="demoproject.automation.demoapp.test.demoappnew_journal_homepage" tests="1" failures="0" timestamp="28 Nov 2017 13:54:07 GMT" time="46.265" errors="0">
  <testcase name="demoappnew" time="46.265" classname="demoproject.automation.demoapp.test.demoappnew_journal_homepage"/>
</testsuite> <!-- demoproject.automation.demoapp.test.demoappnew_journal_homepage -->
