<?xml version="1.0" encoding="UTF-8"?>
<!-- Generated by org.testng.reporters.JUnitReportReporter -->
<testsuite skipped="0" hostname="ZAUSVDIAPSINHA" name="demoproject.automation.demoapp.test.demoappnew_Book_Chapter" tests="1" failures="0" timestamp="28 Nov 2017 13:54:07 GMT" time="34.978" errors="0">
  <testcase name="demoappnew" time="34.978" classname="demoproject.automation.demoapp.test.demoappnew_Book_Chapter"/>
</testsuite> <!-- demoproject.automation.demoapp.test.demoappnew_Book_Chapter -->
