<?xml version="1.0" encoding="UTF-8"?>
<!-- Generated by org.testng.reporters.JUnitReportReporter -->
<testsuite hostname="01hw530732" name="demoproject.automation.demoapp.test.OL_34285" tests="1" failures="0" timestamp="1 Jul 2016 07:47:56 GMT" time="84.044" errors="0">
  <testcase name="ol34145" time="84.044" classname="demoproject.automation.demoapp.test.OL_34285"/>
</testsuite> <!-- demoproject.automation.demoapp.test.OL_34285 -->
