<?xml version="1.0" encoding="UTF-8"?>
<!-- Generated by org.testng.reporters.JUnitReportReporter -->
<testsuite name="demoproject.automation.demoapp.test.Miscellaneous_Integration" tests="1" time="41.799" ignored="0" failures="0" timestamp="04 Jul 2018 03:31:02 GMT" skipped="0" hostname="Aniruddha" errors="0">
  <testcase name="misc1" time="41.799" classname="demoproject.automation.demoapp.test.Miscellaneous_Integration"/>
</testsuite> <!-- demoproject.automation.demoapp.test.Miscellaneous_Integration -->
