<?xml version="1.0" encoding="UTF-8"?>
<!-- Generated by org.testng.reporters.JUnitReportReporter -->
<testsuite skipped="0" hostname="DESKTOP-9JR0776" name="phpproject.automation.demoapp.test.PHPApplication" tests="1" failures="0" timestamp="10 Nov 2021 14:25:00 GMT" time="93.859" errors="0">
  <testcase name="FFPMItemFlowValidation" time="93.859" classname="phpproject.automation.demoapp.test.PHPApplication"/>
</testsuite> <!-- phpproject.automation.demoapp.test.PHPApplication -->
