<?xml version="1.0" encoding="UTF-8"?>
<!-- Generated by org.testng.reporters.JUnitReportReporter -->
<testsuite name="demoproject.automation.demoapp.test.Integration_AS2_demoappnew" tests="1" time="46.164" ignored="0" failures="0" timestamp="03 Jul 2018 03:16:01 GMT" skipped="0" hostname="Aniruddha" errors="0">
  <testcase name="articleselect1" time="46.164" classname="demoproject.automation.demoapp.test.Integration_AS2_demoappnew"/>
</testsuite> <!-- demoproject.automation.demoapp.test.Integration_AS2_demoappnew -->
