<?xml version="1.0" encoding="UTF-8"?>
<!-- Generated by org.testng.reporters.JUnitReportReporter -->
<testsuite hostname="01hw530732" name="demoproject.automation.demoapp.test.ALMOutbound" tests="1" failures="0" timestamp="22 Mar 2016 12:44:52 GMT" time="199.081" errors="0">
  <testcase name="almPPV" time="199.081" classname="demoproject.automation.demoapp.test.ALMOutbound"/>
</testsuite> <!-- demoproject.automation.demoapp.test.ALMOutbound -->
