<?xml version="1.0" encoding="UTF-8"?>
<!-- Generated by org.testng.reporters.JUnitReportReporter -->
<testsuite hostname="01hw530732" name="demoproject.automation.demoapp.test.Search" tests="2" failures="0" timestamp="22 Mar 2016 06:53:46 GMT" time="406.871" errors="0">
  <testcase name="createItem" time="331.148" classname="demoproject.automation.demoapp.test.Search"/>
  <testcase name="createItem" time="75.723" classname="demoproject.automation.demoapp.test.Search"/>
</testsuite> <!-- demoproject.automation.demoapp.test.Search -->
