<?xml version="1.0" encoding="UTF-8"?>
<!-- Generated by org.testng.reporters.JUnitReportReporter -->
<testsuite skipped="0" hostname="ZAUSVDIAPSINHA" name="demoproject.automation.demoapp.test.demoappnew_journal_loi_page" tests="2" failures="0" timestamp="28 Nov 2017 12:26:57 GMT" time="108.642" errors="0">
  <testcase name="demoappnew22" time="56.600" classname="demoproject.automation.demoapp.test.demoappnew_journal_loi_page"/>
  <testcase name="demoappnew" time="52.042" classname="demoproject.automation.demoapp.test.demoappnew_journal_loi_page"/>
</testsuite> <!-- demoproject.automation.demoapp.test.demoappnew_journal_loi_page -->
