<?xml version="1.0" encoding="UTF-8"?>
<!-- Generated by org.testng.reporters.JUnitReportReporter -->
<testsuite skipped="0" hostname="AHZDL5CG5122JP2" name="demoproject.automation.demoapp.test.WinkApplication" tests="1" failures="0" timestamp="05 Dec 2018 12:49:20 GMT" time="547.806" errors="0">
  <testcase name="wink1_7T7" time="547.806" classname="demoproject.automation.demoapp.test.WinkApplication"/>
</testsuite> <!-- demoproject.automation.demoapp.test.WinkApplication -->
