<?xml version="1.0" encoding="UTF-8"?>
<!-- Generated by org.testng.reporters.JUnitReportReporter -->
<testsuite skipped="0" hostname="AHZDL5CG7210L47" name="demoproject.automation.demoapp.test.FFPMApplication" tests="1" failures="0" timestamp="28 Oct 2021 13:23:35 GMT" time="26.340" errors="0">
  <testcase name="FFPMItemFlowValidation" time="26.340" classname="demoproject.automation.demoapp.test.FFPMApplication"/>
</testsuite> <!-- demoproject.automation.demoapp.test.FFPMApplication -->
