<?xml version="1.0" encoding="UTF-8"?>
<!-- Generated by org.testng.reporters.JUnitReportReporter -->
<testsuite name="demoproject.automation.demoapp.test.demoappnew_article_page" tests="1" time="104.990" ignored="0" failures="0" timestamp="03 Jan 2018 07:50:20 GMT" skipped="0" hostname="ZAUSVDIAPSINHA" errors="0">
  <testcase name="demoappnew" time="104.990" classname="demoproject.automation.demoapp.test.demoappnew_article_page"/>
</testsuite> <!-- demoproject.automation.demoapp.test.demoappnew_article_page -->
