<?xml version="1.0" encoding="UTF-8"?>
<!-- Generated by org.testng.reporters.JUnitReportReporter -->
<testsuite skipped="1" hostname="AHZDL5CG5241KG1" name="demoproject.automation.demoapp.test.StoreCenterApplication" tests="1" failures="0" timestamp="31 May 2019 09:30:49 GMT" time="0.000" errors="0">
  <testcase name="storeCenter1" time="0.000" classname="demoproject.automation.demoapp.test.StoreCenterApplication">
    <skipped/>
  </testcase> <!-- storeCenter1 -->
</testsuite> <!-- demoproject.automation.demoapp.test.StoreCenterApplication -->
